<?xml version="1.0" encoding="UTF-8"?>
<!-- Generated by org.testng.reporters.JUnitReportReporter -->
<testsuite hostname="karton.local" name="tests.ContactsViewTests" tests="1" failures="0" timestamp="2 Dec 2013 13:05:03 GMT" time="2.976" errors="0">
  <testcase name="shouldSuggestAvailableCompanies" time="2.976" classname="tests.ContactsViewTests"/>
</testsuite> <!-- tests.ContactsViewTests -->
