<?xml version="1.0" encoding="UTF-8"?>
<!-- Generated by org.testng.reporters.JUnitReportReporter -->
<testsuite hostname="karton.local" name="tests.LeadsViewTests" tests="1" failures="0" timestamp="2 Dec 2013 13:09:28 GMT" time="9.642" errors="0">
  <testcase name="dummyTest" time="9.642" classname="tests.LeadsViewTests"/>
</testsuite> <!-- tests.LeadsViewTests -->
